2019-05-22 14:13:41,582 - p1.p2.m2 - INFO - entering p1.m2.f3
2019-05-22 14:13:41,582 - p1.p2.m2 - WARNING - warning at p1.m2.f3
2019-05-22 14:13:41,582 - p1.p2.m2 - ERROR - error in p1.m2.f3
2019-05-22 14:13:41,582 - p1.p2.m2 - INFO - exiting p1.m2.f3
2019-05-22 14:13:41,586 - p1.p2.m2 - INFO - entering p1.m2.f4
2019-05-22 14:13:41,586 - p1.p2.m2 - WARNING - warning at p1.m2.f4
2019-05-22 14:13:41,586 - p1.p2.m2 - ERROR - error in p1.m2.f4
2019-05-22 14:13:41,586 - p1.p2.m2 - INFO - exiting p1.m2.f4
2019-06-05 11:45:26,026 - p1.p2.m2 - INFO - entering p1.m2.f3
2019-06-05 11:45:26,026 - p1.p2.m2 - WARNING - warning at p1.m2.f3
2019-06-05 11:45:26,026 - p1.p2.m2 - ERROR - error in p1.m2.f3
2019-06-05 11:45:26,026 - p1.p2.m2 - INFO - exiting p1.m2.f3
2019-06-05 11:45:26,042 - p1.p2.m2 - INFO - entering p1.m2.f4
2019-06-05 11:45:26,042 - p1.p2.m2 - WARNING - warning at p1.m2.f4
2019-06-05 11:45:26,042 - p1.p2.m2 - ERROR - error in p1.m2.f4
2019-06-05 11:45:26,042 - p1.p2.m2 - INFO - exiting p1.m2.f4
entering p1.m2.f3
warning at p1.m2.f3
error in p1.m2.f3
exiting p1.m2.f3
entering p1.m2.f4
warning at p1.m2.f4
error in p1.m2.f4
exiting p1.m2.f4
entering p1.m2.f3
warning at p1.m2.f3
error in p1.m2.f3
exiting p1.m2.f3
entering p1.m2.f4
warning at p1.m2.f4
error in p1.m2.f4
exiting p1.m2.f4
entering p1.m2.f3
warning at p1.m2.f3
error in p1.m2.f3
exiting p1.m2.f3
entering p1.m2.f4
warning at p1.m2.f4
error in p1.m2.f4
exiting p1.m2.f4
